[0103/220624.488:ERROR:process_memory_win.cc(73)] ReadMemory at 0x7ff657720000 of 64 bytes failed: Only part of a ReadProcessMemory or WriteProcessMemory request was completed. (0x12B)
[0103/220624.489:WARNING:pe_image_reader.cc(340)] could not read dos header from C:\Program Files (x86)\Google\Chrome\Application\chrome.exe
[0103/220624.489:ERROR:process_memory_win.cc(73)] ReadMemory at 0x7ffbd0a20000 of 64 bytes failed: Only part of a ReadProcessMemory or WriteProcessMemory request was completed. (0x12B)
[0103/220624.489:WARNING:pe_image_reader.cc(340)] could not read dos header from C:\WINDOWS\SYSTEM32\ntdll.dll
[0103/220624.489:ERROR:process_memory_win.cc(73)] ReadMemory at 0x7ffbcef40000 of 64 bytes failed: Only part of a ReadProcessMemory or WriteProcessMemory request was completed. (0x12B)
[0103/220624.490:WARNING:pe_image_reader.cc(340)] could not read dos header from C:\WINDOWS\System32\KERNEL32.DLL
[0103/220624.490:ERROR:process_memory_win.cc(73)] ReadMemory at 0x7ffbcdb00000 of 64 bytes failed: Only part of a ReadProcessMemory or WriteProcessMemory request was completed. (0x12B)
[0103/220624.490:WARNING:pe_image_reader.cc(340)] could not read dos header from C:\WINDOWS\System32\KERNELBASE.dll
[0103/220624.490:ERROR:process_memory_win.cc(73)] ReadMemory at 0x7ffb9b7f0000 of 64 bytes failed: Only part of a ReadProcessMemory or WriteProcessMemory request was completed. (0x12B)
[0103/220624.490:WARNING:pe_image_reader.cc(340)] could not read dos header from C:\Program Files (x86)\Google\Chrome\Application\79.0.3945.88\chrome_elf.dll
[0103/220624.490:ERROR:process_memory_win.cc(73)] ReadMemory at 0x7ffbc1940000 of 64 bytes failed: Only part of a ReadProcessMemory or WriteProcessMemory request was completed. (0x12B)
[0103/220624.490:WARNING:pe_image_reader.cc(340)] could not read dos header from C:\WINDOWS\SYSTEM32\VERSION.dll
[0103/220624.490:ERROR:process_memory_win.cc(73)] ReadMemory at 0x7ffbd0150000 of 64 bytes failed: Only part of a ReadProcessMemory or WriteProcessMemory request was completed. (0x12B)
[0103/220624.490:WARNING:pe_image_reader.cc(340)] could not read dos header from C:\WINDOWS\System32\msvcrt.dll
[0103/220624.490:ERROR:process_memory_win.cc(73)] ReadMemory at 0x7ffbce870000 of 64 bytes failed: Only part of a ReadProcessMemory or WriteProcessMemory request was completed. (0x12B)
[0103/220624.490:WARNING:pe_image_reader.cc(340)] could not read dos header from C:\WINDOWS\System32\bcryptPrimitives.dll
[0103/220624.490:ERROR:process_memory_win.cc(73)] ReadMemory at 0x7ffbd0530000 of 64 bytes failed: Only part of a ReadProcessMemory or WriteProcessMemory request was completed. (0x12B)
[0103/220624.491:WARNING:pe_image_reader.cc(340)] could not read dos header from C:\WINDOWS\System32\ADVAPI32.dll
[0103/220624.491:ERROR:process_memory_win.cc(73)] ReadMemory at 0x205f49a0000 of 64 bytes failed: Only part of a ReadProcessMemory or WriteProcessMemory request was completed. (0x12B)
[0103/220624.491:WARNING:pe_image_reader.cc(340)] could not read dos header from C:\WINDOWS\System32\sechost.dll
[0103/220624.491:ERROR:process_memory_win.cc(73)] ReadMemory at 0x7ffbcf4c0000 of 64 bytes failed: Only part of a ReadProcessMemory or WriteProcessMemory request was completed. (0x12B)
[0103/220624.491:WARNING:pe_image_reader.cc(340)] could not read dos header from C:\WINDOWS\System32\RPCRT4.dll
[0103/220624.491:ERROR:process_memory_win.cc(73)] ReadMemory at 0x7ffb6bd90000 of 64 bytes failed: Only part of a ReadProcessMemory or WriteProcessMemory request was completed. (0x12B)
[0103/220624.491:WARNING:pe_image_reader.cc(340)] could not read dos header from C:\Program Files (x86)\Google\Chrome\Application\79.0.3945.88\chrome_child.dll
[0103/220624.491:ERROR:process_memory_win.cc(73)] ReadMemory at 0x7ffbd0860000 of 64 bytes failed: Only part of a ReadProcessMemory or WriteProcessMemory request was completed. (0x12B)
[0103/220624.491:WARNING:pe_image_reader.cc(340)] could not read dos header from C:\WINDOWS\System32\OLEAUT32.dll
[0103/220624.491:ERROR:process_memory_win.cc(73)] ReadMemory at 0x7ffbcd9b0000 of 64 bytes failed: Only part of a ReadProcessMemory or WriteProcessMemory request was completed. (0x12B)
[0103/220624.491:WARNING:pe_image_reader.cc(340)] could not read dos header from C:\WINDOWS\System32\msvcp_win.dll
[0103/220624.491:ERROR:process_memory_win.cc(73)] ReadMemory at 0x7ffbce9d0000 of 64 bytes failed: Only part of a ReadProcessMemory or WriteProcessMemory request was completed. (0x12B)
[0103/220624.491:WARNING:pe_image_reader.cc(340)] could not read dos header from C:\WINDOWS\System32\ucrtbase.dll
[0103/220624.491:ERROR:process_memory_win.cc(73)] ReadMemory at 0x7ffbd01f0000 of 64 bytes failed: Only part of a ReadProcessMemory or WriteProcessMemory request was completed. (0x12B)
[0103/220624.491:WARNING:pe_image_reader.cc(340)] could not read dos header from C:\WINDOWS\System32\combase.dll
[0103/220624.491:ERROR:process_memory_win.cc(73)] ReadMemory at 0x7ffbd0690000 of 64 bytes failed: Only part of a ReadProcessMemory or WriteProcessMemory request was completed. (0x12B)
[0103/220624.491:WARNING:pe_image_reader.cc(340)] could not read dos header from C:\WINDOWS\System32\WS2_32.dll
[0103/220624.491:ERROR:process_memory_win.cc(73)] ReadMemory at 0x7ffbcdaa0000 of 64 bytes failed: Only part of a ReadProcessMemory or WriteProcessMemory request was completed. (0x12B)
[0103/220624.491:WARNING:pe_image_reader.cc(340)] could not read dos header from C:\WINDOWS\System32\WINTRUST.dll
[0103/220624.492:ERROR:process_memory_win.cc(73)] ReadMemory at 0x7ffbcd970000 of 64 bytes failed: Only part of a ReadProcessMemory or WriteProcessMemory request was completed. (0x12B)
[0103/220624.492:WARNING:pe_image_reader.cc(340)] could not read dos header from C:\WINDOWS\System32\MSASN1.dll
[0103/220624.492:ERROR:process_memory_win.cc(73)] ReadMemory at 0x7ffbce560000 of 64 bytes failed: Only part of a ReadProcessMemory or WriteProcessMemory request was completed. (0x12B)
[0103/220624.492:WARNING:pe_image_reader.cc(340)] could not read dos header from C:\WINDOWS\System32\CRYPT32.dll
[0103/220624.492:ERROR:process_memory_win.cc(73)] ReadMemory at 0x7ffbcce10000 of 64 bytes failed: Only part of a ReadProcessMemory or WriteProcessMemory request was completed. (0x12B)
[0103/220624.492:WARNING:pe_image_reader.cc(340)] could not read dos header from C:\WINDOWS\SYSTEM32\IPHLPAPI.DLL
[0103/220624.492:ERROR:process_memory_win.cc(73)] ReadMemory at 0x7ffbca280000 of 64 bytes failed: Only part of a ReadProcessMemory or WriteProcessMemory request was completed. (0x12B)
[0103/220624.492:WARNING:pe_image_reader.cc(340)] could not read dos header from C:\WINDOWS\SYSTEM32\WINMM.dll
[0103/220624.492:ERROR:process_memory_win.cc(73)] ReadMemory at 0x7ffbcd7e0000 of 64 bytes failed: Only part of a ReadProcessMemory or WriteProcessMemory request was completed. (0x12B)
[0103/220624.492:WARNING:pe_image_reader.cc(340)] could not read dos header from C:\WINDOWS\SYSTEM32\USERENV.dll
[0103/220624.492:ERROR:process_memory_win.cc(73)] ReadMemory at 0x7ffbcd900000 of 64 bytes failed: Only part of a ReadProcessMemory or WriteProcessMemory request was completed. (0x12B)
[0103/220624.492:WARNING:pe_image_reader.cc(340)] could not read dos header from C:\WINDOWS\System32\profapi.dll
[0103/220624.492:ERROR:process_memory_win.cc(73)] ReadMemory at 0x7ffbb7910000 of 64 bytes failed: Only part of a ReadProcessMemory or WriteProcessMemory request was completed. (0x12B)
[0103/220624.492:WARNING:pe_image_reader.cc(340)] could not read dos header from C:\WINDOWS\SYSTEM32\DWrite.dll
[0103/220624.492:ERROR:process_memory_win.cc(73)] ReadMemory at 0x7ffbbfcc0000 of 64 bytes failed: Only part of a ReadProcessMemory or WriteProcessMemory request was completed. (0x12B)
[0103/220624.492:WARNING:pe_image_reader.cc(340)] could not read dos header from C:\WINDOWS\SYSTEM32\WINSPOOL.DRV
[0103/220624.492:ERROR:process_memory_win.cc(73)] ReadMemory at 0x7ffbcd990000 of 64 bytes failed: Only part of a ReadProcessMemory or WriteProcessMemory request was completed. (0x12B)
[0103/220624.492:WARNING:pe_image_reader.cc(340)] could not read dos header from C:\WINDOWS\System32\kernel.appcore.dll
[0103/220624.492:ERROR:process_memory_win.cc(73)] ReadMemory at 0x7ffbcddb0000 of 64 bytes failed: Only part of a ReadProcessMemory or WriteProcessMemory request was completed. (0x12B)
[0103/220624.492:WARNING:pe_image_reader.cc(340)] could not read dos header from C:\WINDOWS\System32\bcrypt.dll
[0103/220624.492:ERROR:process_memory_win.cc(73)] ReadMemory at 0x7ffbc5070000 of 64 bytes failed: Only part of a ReadProcessMemory or WriteProcessMemory request was completed. (0x12B)
[0103/220624.492:WARNING:pe_image_reader.cc(340)] could not read dos header from C:\WINDOWS\SYSTEM32\dbghelp.dll
[0103/220624.492:ERROR:process_memory_win.cc(73)] ReadMemory at 0x7ffbbc6b0000 of 64 bytes failed: Only part of a ReadProcessMemory or WriteProcessMemory request was completed. (0x12B)
[0103/220624.492:WARNING:pe_image_reader.cc(340)] could not read dos header from C:\WINDOWS\SYSTEM32\Secur32.dll
[0103/220624.492:ERROR:process_memory_win.cc(73)] ReadMemory at 0x7ffbc0b90000 of 64 bytes failed: Only part of a ReadProcessMemory or WriteProcessMemory request was completed. (0x12B)
[0103/220624.492:WARNING:pe_image_reader.cc(340)] could not read dos header from C:\WINDOWS\SYSTEM32\WINHTTP.dll
[0103/220624.492:ERROR:process_memory_win.cc(73)] ReadMemory at 0x7ffbc1970000 of 64 bytes failed: Only part of a ReadProcessMemory or WriteProcessMemory request was completed. (0x12B)
[0103/220624.492:WARNING:pe_image_reader.cc(340)] could not read dos header from C:\WINDOWS\SYSTEM32\dhcpcsvc.DLL
[0103/220624.492:ERROR:process_memory_win.cc(73)] ReadMemory at 0x7ffbd0840000 of 64 bytes failed: Only part of a ReadProcessMemory or WriteProcessMemory request was completed. (0x12B)
[0103/220624.492:WARNING:pe_image_reader.cc(340)] could not read dos header from C:\WINDOWS\System32\NSI.dll
[0103/220624.492:ERROR:process_memory_win.cc(73)] ReadMemory at 0x7ffbca250000 of 64 bytes failed: Only part of a ReadProcessMemory or WriteProcessMemory request was completed. (0x12B)
[0103/220624.492:WARNING:pe_image_reader.cc(340)] could not read dos header from C:\WINDOWS\SYSTEM32\WINMMBASE.dll
[0103/220624.493:ERROR:process_memory_win.cc(73)] ReadMemory at 0x7ffbcda50000 of 64 bytes failed: Only part of a ReadProcessMemory or WriteProcessMemory request was completed. (0x12B)
[0103/220624.493:WARNING:pe_image_reader.cc(340)] could not read dos header from C:\WINDOWS\System32\cfgmgr32.dll
[0103/220624.493:ERROR:process_memory_win.cc(73)] ReadMemory at 0x7ffbc9960000 of 64 bytes failed: Only part of a ReadProcessMemory or WriteProcessMemory request was completed. (0x12B)
[0103/220624.493:WARNING:pe_image_reader.cc(340)] could not read dos header from C:\WINDOWS\SYSTEM32\PROPSYS.dll
[0103/220624.493:ERROR:process_memory_win.cc(73)] ReadMemory at 0x7ffbd05e0000 of 64 bytes failed: Only part of a ReadProcessMemory or WriteProcessMemory request was completed. (0x12B)
[0103/220624.493:WARNING:pe_image_reader.cc(340)] could not read dos header from C:\WINDOWS\System32\shcore.dll
[0103/220624.493:ERROR:process_memory_win.cc(73)] ReadMemory at 0x7ffbcd810000 of 64 bytes failed: Only part of a ReadProcessMemory or WriteProcessMemory request was completed. (0x12B)
[0103/220624.493:WARNING:pe_image_reader.cc(340)] could not read dos header from C:\WINDOWS\SYSTEM32\SSPICLI.DLL
[0103/220624.493:ERROR:process_memory_win.cc(73)] ReadMemory at 0x7ffbcd2d0000 of 64 bytes failed: Only part of a ReadProcessMemory or WriteProcessMemory request was completed. (0x12B)
[0103/220624.493:WARNING:pe_image_reader.cc(340)] could not read dos header from C:\WINDOWS\SYSTEM32\CRYPTBASE.DLL
[0103/220624.493:ERROR:process_memory_win.cc(73)] ReadMemory at 0x7ff657720000 of 64 bytes failed: Only part of a ReadProcessMemory or WriteProcessMemory request was completed. (0x12B)
[0103/220624.493:WARNING:pe_image_reader.cc(340)] could not read dos header from C:\Program Files (x86)\Google\Chrome\Application\chrome.exe
[0103/220624.493:ERROR:process_memory_win.cc(73)] ReadMemory at 0x7ffbd0a20000 of 64 bytes failed: Only part of a ReadProcessMemory or WriteProcessMemory request was completed. (0x12B)
[0103/220624.493:WARNING:pe_image_reader.cc(340)] could not read dos header from C:\WINDOWS\SYSTEM32\ntdll.dll
[0103/220624.493:ERROR:process_memory_win.cc(73)] ReadMemory at 0x7ffbcef40000 of 64 bytes failed: Only part of a ReadProcessMemory or WriteProcessMemory request was completed. (0x12B)
[0103/220624.493:WARNING:pe_image_reader.cc(340)] could not read dos header from C:\WINDOWS\System32\KERNEL32.DLL
[0103/220624.493:ERROR:process_memory_win.cc(73)] ReadMemory at 0x7ffbcdb00000 of 64 bytes failed: Only part of a ReadProcessMemory or WriteProcessMemory request was completed. (0x12B)
[0103/220624.493:WARNING:pe_image_reader.cc(340)] could not read dos header from C:\WINDOWS\System32\KERNELBASE.dll
[0103/220624.493:ERROR:process_memory_win.cc(73)] ReadMemory at 0x7ffb9b7f0000 of 64 bytes failed: Only part of a ReadProcessMemory or WriteProcessMemory request was completed. (0x12B)
[0103/220624.493:WARNING:pe_image_reader.cc(340)] could not read dos header from C:\Program Files (x86)\Google\Chrome\Application\79.0.3945.88\chrome_elf.dll
[0103/220624.493:ERROR:process_memory_win.cc(73)] ReadMemory at 0x7ffbc1940000 of 64 bytes failed: Only part of a ReadProcessMemory or WriteProcessMemory request was completed. (0x12B)
[0103/220624.493:WARNING:pe_image_reader.cc(340)] could not read dos header from C:\WINDOWS\SYSTEM32\VERSION.dll
[0103/220624.493:ERROR:process_memory_win.cc(73)] ReadMemory at 0x7ffbd0150000 of 64 bytes failed: Only part of a ReadProcessMemory or WriteProcessMemory request was completed. (0x12B)
[0103/220624.493:WARNING:pe_image_reader.cc(340)] could not read dos header from C:\WINDOWS\System32\msvcrt.dll
[0103/220624.493:ERROR:process_memory_win.cc(73)] ReadMemory at 0x7ffbce870000 of 64 bytes failed: Only part of a ReadProcessMemory or WriteProcessMemory request was completed. (0x12B)
[0103/220624.493:WARNING:pe_image_reader.cc(340)] could not read dos header from C:\WINDOWS\System32\bcryptPrimitives.dll
[0103/220624.493:ERROR:process_memory_win.cc(73)] ReadMemory at 0x7ffbd0530000 of 64 bytes failed: Only part of a ReadProcessMemory or WriteProcessMemory request was completed. (0x12B)
[0103/220624.493:WARNING:pe_image_reader.cc(340)] could not read dos header from C:\WINDOWS\System32\ADVAPI32.dll
[0103/220624.493:ERROR:process_memory_win.cc(73)] ReadMemory at 0x205f49a0000 of 64 bytes failed: Only part of a ReadProcessMemory or WriteProcessMemory request was completed. (0x12B)
[0103/220624.493:WARNING:pe_image_reader.cc(340)] could not read dos header from C:\WINDOWS\System32\sechost.dll
[0103/220624.493:ERROR:process_memory_win.cc(73)] ReadMemory at 0x7ffbcf4c0000 of 64 bytes failed: Only part of a ReadProcessMemory or WriteProcessMemory request was completed. (0x12B)
[0103/220624.493:WARNING:pe_image_reader.cc(340)] could not read dos header from C:\WINDOWS\System32\RPCRT4.dll
[0103/220624.493:ERROR:process_memory_win.cc(73)] ReadMemory at 0x7ffb6bd90000 of 64 bytes failed: Only part of a ReadProcessMemory or WriteProcessMemory request was completed. (0x12B)
[0103/220624.493:WARNING:pe_image_reader.cc(340)] could not read dos header from C:\Program Files (x86)\Google\Chrome\Application\79.0.3945.88\chrome_child.dll
[0103/220624.494:ERROR:process_memory_win.cc(73)] ReadMemory at 0x7ffbd0860000 of 64 bytes failed: Only part of a ReadProcessMemory or WriteProcessMemory request was completed. (0x12B)
[0103/220624.494:WARNING:pe_image_reader.cc(340)] could not read dos header from C:\WINDOWS\System32\OLEAUT32.dll
[0103/220624.494:ERROR:process_memory_win.cc(73)] ReadMemory at 0x7ffbcd9b0000 of 64 bytes failed: Only part of a ReadProcessMemory or WriteProcessMemory request was completed. (0x12B)
[0103/220624.494:WARNING:pe_image_reader.cc(340)] could not read dos header from C:\WINDOWS\System32\msvcp_win.dll
[0103/220624.494:ERROR:process_memory_win.cc(73)] ReadMemory at 0x7ffbce9d0000 of 64 bytes failed: Only part of a ReadProcessMemory or WriteProcessMemory request was completed. (0x12B)
[0103/220624.494:WARNING:pe_image_reader.cc(340)] could not read dos header from C:\WINDOWS\System32\ucrtbase.dll
[0103/220624.494:ERROR:process_memory_win.cc(73)] ReadMemory at 0x7ffbd01f0000 of 64 bytes failed: Only part of a ReadProcessMemory or WriteProcessMemory request was completed. (0x12B)
[0103/220624.494:WARNING:pe_image_reader.cc(340)] could not read dos header from C:\WINDOWS\System32\combase.dll
[0103/220624.494:ERROR:process_memory_win.cc(73)] ReadMemory at 0x7ffbd0690000 of 64 bytes failed: Only part of a ReadProcessMemory or WriteProcessMemory request was completed. (0x12B)
[0103/220624.494:WARNING:pe_image_reader.cc(340)] could not read dos header from C:\WINDOWS\System32\WS2_32.dll
[0103/220624.494:ERROR:process_memory_win.cc(73)] ReadMemory at 0x7ffbcdaa0000 of 64 bytes failed: Only part of a ReadProcessMemory or WriteProcessMemory request was completed. (0x12B)
[0103/220624.494:WARNING:pe_image_reader.cc(340)] could not read dos header from C:\WINDOWS\System32\WINTRUST.dll
[0103/220624.494:ERROR:process_memory_win.cc(73)] ReadMemory at 0x7ffbcd970000 of 64 bytes failed: Only part of a ReadProcessMemory or WriteProcessMemory request was completed. (0x12B)
[0103/220624.494:WARNING:pe_image_reader.cc(340)] could not read dos header from C:\WINDOWS\System32\MSASN1.dll
[0103/220624.494:ERROR:process_memory_win.cc(73)] ReadMemory at 0x7ffbce560000 of 64 bytes failed: Only part of a ReadProcessMemory or WriteProcessMemory request was completed. (0x12B)
[0103/220624.494:WARNING:pe_image_reader.cc(340)] could not read dos header from C:\WINDOWS\System32\CRYPT32.dll
[0103/220624.494:ERROR:process_memory_win.cc(73)] ReadMemory at 0x7ffbcce10000 of 64 bytes failed: Only part of a ReadProcessMemory or WriteProcessMemory request was completed. (0x12B)
[0103/220624.494:WARNING:pe_image_reader.cc(340)] could not read dos header from C:\WINDOWS\SYSTEM32\IPHLPAPI.DLL
[0103/220624.494:ERROR:process_memory_win.cc(73)] ReadMemory at 0x7ffbca280000 of 64 bytes failed: Only part of a ReadProcessMemory or WriteProcessMemory request was completed. (0x12B)
[0103/220624.494:WARNING:pe_image_reader.cc(340)] could not read dos header from C:\WINDOWS\SYSTEM32\WINMM.dll
[0103/220624.494:ERROR:process_memory_win.cc(73)] ReadMemory at 0x7ffbcd7e0000 of 64 bytes failed: Only part of a ReadProcessMemory or WriteProcessMemory request was completed. (0x12B)
[0103/220624.494:WARNING:pe_image_reader.cc(340)] could not read dos header from C:\WINDOWS\SYSTEM32\USERENV.dll
[0103/220624.494:ERROR:process_memory_win.cc(73)] ReadMemory at 0x7ffbcd900000 of 64 bytes failed: Only part of a ReadProcessMemory or WriteProcessMemory request was completed. (0x12B)
[0103/220624.494:WARNING:pe_image_reader.cc(340)] could not read dos header from C:\WINDOWS\System32\profapi.dll
[0103/220624.494:ERROR:process_memory_win.cc(73)] ReadMemory at 0x7ffbb7910000 of 64 bytes failed: Only part of a ReadProcessMemory or WriteProcessMemory request was completed. (0x12B)
[0103/220624.494:WARNING:pe_image_reader.cc(340)] could not read dos header from C:\WINDOWS\SYSTEM32\DWrite.dll
[0103/220624.494:ERROR:process_memory_win.cc(73)] ReadMemory at 0x7ffbbfcc0000 of 64 bytes failed: Only part of a ReadProcessMemory or WriteProcessMemory request was completed. (0x12B)
[0103/220624.494:WARNING:pe_image_reader.cc(340)] could not read dos header from C:\WINDOWS\SYSTEM32\WINSPOOL.DRV
[0103/220624.494:ERROR:process_memory_win.cc(73)] ReadMemory at 0x7ffbcd990000 of 64 bytes failed: Only part of a ReadProcessMemory or WriteProcessMemory request was completed. (0x12B)
[0103/220624.494:WARNING:pe_image_reader.cc(340)] could not read dos header from C:\WINDOWS\System32\kernel.appcore.dll
[0103/220624.495:ERROR:process_memory_win.cc(73)] ReadMemory at 0x7ffbcddb0000 of 64 bytes failed: Only part of a ReadProcessMemory or WriteProcessMemory request was completed. (0x12B)
[0103/220624.495:WARNING:pe_image_reader.cc(340)] could not read dos header from C:\WINDOWS\System32\bcrypt.dll
[0103/220624.495:ERROR:process_memory_win.cc(73)] ReadMemory at 0x7ffbc5070000 of 64 bytes failed: Only part of a ReadProcessMemory or WriteProcessMemory request was completed. (0x12B)
[0103/220624.495:WARNING:pe_image_reader.cc(340)] could not read dos header from C:\WINDOWS\SYSTEM32\dbghelp.dll
[0103/220624.495:ERROR:process_memory_win.cc(73)] ReadMemory at 0x7ffbbc6b0000 of 64 bytes failed: Only part of a ReadProcessMemory or WriteProcessMemory request was completed. (0x12B)
[0103/220624.495:WARNING:pe_image_reader.cc(340)] could not read dos header from C:\WINDOWS\SYSTEM32\Secur32.dll
[0103/220624.495:ERROR:process_memory_win.cc(73)] ReadMemory at 0x7ffbc0b90000 of 64 bytes failed: Only part of a ReadProcessMemory or WriteProcessMemory request was completed. (0x12B)
[0103/220624.495:WARNING:pe_image_reader.cc(340)] could not read dos header from C:\WINDOWS\SYSTEM32\WINHTTP.dll
[0103/220624.495:ERROR:process_memory_win.cc(73)] ReadMemory at 0x7ffbc1970000 of 64 bytes failed: Only part of a ReadProcessMemory or WriteProcessMemory request was completed. (0x12B)
[0103/220624.495:WARNING:pe_image_reader.cc(340)] could not read dos header from C:\WINDOWS\SYSTEM32\dhcpcsvc.DLL
[0103/220624.495:ERROR:process_memory_win.cc(73)] ReadMemory at 0x7ffbd0840000 of 64 bytes failed: Only part of a ReadProcessMemory or WriteProcessMemory request was completed. (0x12B)
[0103/220624.495:WARNING:pe_image_reader.cc(340)] could not read dos header from C:\WINDOWS\System32\NSI.dll
[0103/220624.495:ERROR:process_memory_win.cc(73)] ReadMemory at 0x7ffbca250000 of 64 bytes failed: Only part of a ReadProcessMemory or WriteProcessMemory request was completed. (0x12B)
[0103/220624.495:WARNING:pe_image_reader.cc(340)] could not read dos header from C:\WINDOWS\SYSTEM32\WINMMBASE.dll
[0103/220624.495:ERROR:process_memory_win.cc(73)] ReadMemory at 0x7ffbcda50000 of 64 bytes failed: Only part of a ReadProcessMemory or WriteProcessMemory request was completed. (0x12B)
[0103/220624.495:WARNING:pe_image_reader.cc(340)] could not read dos header from C:\WINDOWS\System32\cfgmgr32.dll
[0103/220624.495:ERROR:process_memory_win.cc(73)] ReadMemory at 0x7ffbc9960000 of 64 bytes failed: Only part of a ReadProcessMemory or WriteProcessMemory request was completed. (0x12B)
[0103/220624.495:WARNING:pe_image_reader.cc(340)] could not read dos header from C:\WINDOWS\SYSTEM32\PROPSYS.dll
[0103/220624.495:ERROR:process_memory_win.cc(73)] ReadMemory at 0x7ffbd05e0000 of 64 bytes failed: Only part of a ReadProcessMemory or WriteProcessMemory request was completed. (0x12B)
[0103/220624.495:WARNING:pe_image_reader.cc(340)] could not read dos header from C:\WINDOWS\System32\shcore.dll
[0103/220624.495:ERROR:process_memory_win.cc(73)] ReadMemory at 0x7ffbcd810000 of 64 bytes failed: Only part of a ReadProcessMemory or WriteProcessMemory request was completed. (0x12B)
[0103/220624.495:WARNING:pe_image_reader.cc(340)] could not read dos header from C:\WINDOWS\SYSTEM32\SSPICLI.DLL
[0103/220624.495:ERROR:process_memory_win.cc(73)] ReadMemory at 0x7ffbcd2d0000 of 64 bytes failed: Only part of a ReadProcessMemory or WriteProcessMemory request was completed. (0x12B)
[0103/220624.495:WARNING:pe_image_reader.cc(340)] could not read dos header from C:\WINDOWS\SYSTEM32\CRYPTBASE.DLL
[0103/220624.503:ERROR:process_memory_win.cc(73)] ReadMemory at 0x2ed6bf9000 of 28672 bytes failed: Only part of a ReadProcessMemory or WriteProcessMemory request was completed. (0x12B)
[0103/220624.504:ERROR:process_memory_win.cc(73)] ReadMemory at 0x2ed73fd000 of 12288 bytes failed: Only part of a ReadProcessMemory or WriteProcessMemory request was completed. (0x12B)
[0103/220624.504:ERROR:process_memory_win.cc(73)] ReadMemory at 0x2ed7bfd000 of 12288 bytes failed: Only part of a ReadProcessMemory or WriteProcessMemory request was completed. (0x12B)
[0103/220624.504:ERROR:process_memory_win.cc(73)] ReadMemory at 0x2ed83fc000 of 16384 bytes failed: Only part of a ReadProcessMemory or WriteProcessMemory request was completed. (0x12B)
[0103/220624.504:ERROR:process_memory_win.cc(73)] ReadMemory at 0x2ed8bfc000 of 16384 bytes failed: Only part of a ReadProcessMemory or WriteProcessMemory request was completed. (0x12B)
[0103/220624.504:ERROR:process_memory_win.cc(73)] ReadMemory at 0x2ed93ff000 of 4096 bytes failed: Only part of a ReadProcessMemory or WriteProcessMemory request was completed. (0x12B)
[0103/220624.504:ERROR:process_memory_win.cc(73)] ReadMemory at 0x2ed9bfd000 of 12288 bytes failed: Only part of a ReadProcessMemory or WriteProcessMemory request was completed. (0x12B)
[0103/220624.504:ERROR:process_memory_win.cc(73)] ReadMemory at 0x2eda3fd000 of 12288 bytes failed: Only part of a ReadProcessMemory or WriteProcessMemory request was completed. (0x12B)
[0103/220624.505:ERROR:process_memory_win.cc(73)] ReadMemory at 0x2edabfd000 of 12288 bytes failed: Only part of a ReadProcessMemory or WriteProcessMemory request was completed. (0x12B)
[0103/220624.505:ERROR:process_memory_win.cc(73)] ReadMemory at 0x2edb3fd000 of 12288 bytes failed: Only part of a ReadProcessMemory or WriteProcessMemory request was completed. (0x12B)
[0103/220624.505:ERROR:process_memory_win.cc(73)] ReadMemory at 0x2edbbfd000 of 12288 bytes failed: Only part of a ReadProcessMemory or WriteProcessMemory request was completed. (0x12B)
[0103/220624.505:ERROR:process_memory_win.cc(73)] ReadMemory at 0x2edc3fd000 of 12288 bytes failed: Only part of a ReadProcessMemory or WriteProcessMemory request was completed. (0x12B)
[0103/220624.505:ERROR:process_memory_win.cc(73)] ReadMemory at 0x2edcbfd000 of 12288 bytes failed: Only part of a ReadProcessMemory or WriteProcessMemory request was completed. (0x12B)
[0103/220624.505:ERROR:process_memory_win.cc(73)] ReadMemory at 0x2edd3fd000 of 12288 bytes failed: Only part of a ReadProcessMemory or WriteProcessMemory request was completed. (0x12B)
[0103/220624.505:ERROR:process_memory_win.cc(73)] ReadMemory at 0x2eddbfd000 of 12288 bytes failed: Only part of a ReadProcessMemory or WriteProcessMemory request was completed. (0x12B)
[0103/220624.506:ERROR:process_memory_win.cc(73)] ReadMemory at 0x2ede3fd000 of 12288 bytes failed: Only part of a ReadProcessMemory or WriteProcessMemory request was completed. (0x12B)
[0103/220624.506:ERROR:process_memory_win.cc(73)] ReadMemory at 0x2ed6357000 of 852 bytes failed: Only part of a ReadProcessMemory or WriteProcessMemory request was completed. (0x12B)
[0103/220624.506:ERROR:process_memory_win.cc(73)] ReadMemory at 0x2ed6358000 of 6024 bytes failed: Only part of a ReadProcessMemory or WriteProcessMemory request was completed. (0x12B)
[0103/220624.506:ERROR:process_memory_win.cc(73)] ReadMemory at 0x2ed635a000 of 6024 bytes failed: Only part of a ReadProcessMemory or WriteProcessMemory request was completed. (0x12B)
[0103/220624.506:ERROR:process_memory_win.cc(73)] ReadMemory at 0x2ed635c000 of 6024 bytes failed: Only part of a ReadProcessMemory or WriteProcessMemory request was completed. (0x12B)
[0103/220624.506:ERROR:process_memory_win.cc(73)] ReadMemory at 0x2ed635e000 of 6024 bytes failed: Only part of a ReadProcessMemory or WriteProcessMemory request was completed. (0x12B)
[0103/220624.506:ERROR:process_memory_win.cc(73)] ReadMemory at 0x2ed6360000 of 6024 bytes failed: Only part of a ReadProcessMemory or WriteProcessMemory request was completed. (0x12B)
[0103/220624.506:ERROR:process_memory_win.cc(73)] ReadMemory at 0x2ed6362000 of 6024 bytes failed: Only part of a ReadProcessMemory or WriteProcessMemory request was completed. (0x12B)
[0103/220624.506:ERROR:process_memory_win.cc(73)] ReadMemory at 0x2ed6364000 of 6024 bytes failed: Only part of a ReadProcessMemory or WriteProcessMemory request was completed. (0x12B)
[0103/220624.506:ERROR:process_memory_win.cc(73)] ReadMemory at 0x2ed6366000 of 6024 bytes failed: Only part of a ReadProcessMemory or WriteProcessMemory request was completed. (0x12B)
[0103/220624.507:ERROR:process_memory_win.cc(73)] ReadMemory at 0x2ed6368000 of 6024 bytes failed: Only part of a ReadProcessMemory or WriteProcessMemory request was completed. (0x12B)
[0103/220624.507:ERROR:process_memory_win.cc(73)] ReadMemory at 0x2ed636a000 of 6024 bytes failed: Only part of a ReadProcessMemory or WriteProcessMemory request was completed. (0x12B)
[0103/220624.507:ERROR:process_memory_win.cc(73)] ReadMemory at 0x2ed636c000 of 6024 bytes failed: Only part of a ReadProcessMemory or WriteProcessMemory request was completed. (0x12B)
[0103/220624.507:ERROR:process_memory_win.cc(73)] ReadMemory at 0x2ed636e000 of 6024 bytes failed: Only part of a ReadProcessMemory or WriteProcessMemory request was completed. (0x12B)
[0103/220624.507:ERROR:process_memory_win.cc(73)] ReadMemory at 0x2ed6370000 of 6024 bytes failed: Only part of a ReadProcessMemory or WriteProcessMemory request was completed. (0x12B)
[0103/220624.507:ERROR:process_memory_win.cc(73)] ReadMemory at 0x2ed6372000 of 6024 bytes failed: Only part of a ReadProcessMemory or WriteProcessMemory request was completed. (0x12B)
[0103/220624.507:ERROR:process_memory_win.cc(73)] ReadMemory at 0x2ed6374000 of 6024 bytes failed: Only part of a ReadProcessMemory or WriteProcessMemory request was completed. (0x12B)
[0103/220624.507:ERROR:process_memory_win.cc(73)] ReadMemory at 0x2ed6376000 of 6024 bytes failed: Only part of a ReadProcessMemory or WriteProcessMemory request was completed. (0x12B)
[0103/220624.508:ERROR:process_memory_win.cc(73)] ReadMemory at 0x205f47c0750 of 80 bytes failed: Only part of a ReadProcessMemory or WriteProcessMemory request was completed. (0x12B)
[0103/220624.508:ERROR:process_memory_win.cc(73)] ReadMemory at 0x205f47c0fe0 of 6320 bytes failed: Only part of a ReadProcessMemory or WriteProcessMemory request was completed. (0x12B)
[0103/220624.508:ERROR:process_memory_win.cc(73)] ReadMemory at 0x205f47c28a0 of 1012 bytes failed: Only part of a ReadProcessMemory or WriteProcessMemory request was completed. (0x12B)
[0103/220624.508:ERROR:process_memory_win.cc(73)] ReadMemory at 0x205f47c2ee8 of 118 bytes failed: Only part of a ReadProcessMemory or WriteProcessMemory request was completed. (0x12B)
[0103/220624.508:ERROR:process_memory_win.cc(73)] ReadMemory at 0x205f47c2f60 of 1110 bytes failed: Only part of a ReadProcessMemory or WriteProcessMemory request was completed. (0x12B)
[0103/220624.508:ERROR:process_memory_win.cc(73)] ReadMemory at 0x205f47c33b8 of 118 bytes failed: Only part of a ReadProcessMemory or WriteProcessMemory request was completed. (0x12B)
[0103/220624.508:ERROR:process_memory_win.cc(73)] ReadMemory at 0x205f47c3430 of 98 bytes failed: Only part of a ReadProcessMemory or WriteProcessMemory request was completed. (0x12B)
[0103/220624.508:ERROR:process_memory_win.cc(73)] ReadMemory at 0x205f47c34a0 of 58 bytes failed: Only part of a ReadProcessMemory or WriteProcessMemory request was completed. (0x12B)
[0103/220624.508:ERROR:process_memory_win.cc(73)] ReadMemory at 0x205f47c35a0 of 132 bytes failed: Only part of a ReadProcessMemory or WriteProcessMemory request was completed. (0x12B)
[0103/220624.508:ERROR:process_memory_win.cc(73)] ReadMemory at 0x205f47c3730 of 132 bytes failed: Only part of a ReadProcessMemory or WriteProcessMemory request was completed. (0x12B)
[0103/220624.508:ERROR:process_memory_win.cc(73)] ReadMemory at 0x205f47c38f0 of 124 bytes failed: Only part of a ReadProcessMemory or WriteProcessMemory request was completed. (0x12B)
[0103/220624.508:ERROR:process_memory_win.cc(73)] ReadMemory at 0x205f47c3cd0 of 132 bytes failed: Only part of a ReadProcessMemory or WriteProcessMemory request was completed. (0x12B)
[0103/220624.508:ERROR:process_memory_win.cc(73)] ReadMemory at 0x205f47c3e60 of 64 bytes failed: Only part of a ReadProcessMemory or WriteProcessMemory request was completed. (0x12B)
[0103/220624.508:ERROR:process_memory_win.cc(73)] ReadMemory at 0x205f47c3eb0 of 132 bytes failed: Only part of a ReadProcessMemory or WriteProcessMemory request was completed. (0x12B)
[0103/220624.508:ERROR:process_memory_win.cc(73)] ReadMemory at 0x205f47c4020 of 132 bytes failed: Only part of a ReadProcessMemory or WriteProcessMemory request was completed. (0x12B)
[0103/220624.508:ERROR:process_memory_win.cc(73)] ReadMemory at 0x205f47c42c0 of 132 bytes failed: Only part of a ReadProcessMemory or WriteProcessMemory request was completed. (0x12B)
[0103/220624.509:ERROR:process_memory_win.cc(73)] ReadMemory at 0x205f47c4450 of 68 bytes failed: Only part of a ReadProcessMemory or WriteProcessMemory request was completed. (0x12B)
[0103/220624.509:ERROR:process_memory_win.cc(73)] ReadMemory at 0x205f47c55d0 of 132 bytes failed: Only part of a ReadProcessMemory or WriteProcessMemory request was completed. (0x12B)
[0103/220624.509:ERROR:process_memory_win.cc(73)] ReadMemory at 0x205f47c5760 of 152 bytes failed: Only part of a ReadProcessMemory or WriteProcessMemory request was completed. (0x12B)
[0103/220624.509:ERROR:process_memory_win.cc(73)] ReadMemory at 0x205f47c6d90 of 132 bytes failed: Only part of a ReadProcessMemory or WriteProcessMemory request was completed. (0x12B)
[0103/220624.509:ERROR:process_memory_win.cc(73)] ReadMemory at 0x205f47c7b90 of 62 bytes failed: Only part of a ReadProcessMemory or WriteProcessMemory request was completed. (0x12B)
[0103/220624.509:ERROR:process_memory_win.cc(73)] ReadMemory at 0x205f47c7be0 of 132 bytes failed: Only part of a ReadProcessMemory or WriteProcessMemory request was completed. (0x12B)
[0103/220624.509:ERROR:process_memory_win.cc(73)] ReadMemory at 0x205f47c7d80 of 132 bytes failed: Only part of a ReadProcessMemory or WriteProcessMemory request was completed. (0x12B)
[0103/220624.509:ERROR:process_memory_win.cc(73)] ReadMemory at 0x205f47c7eb0 of 60 bytes failed: Only part of a ReadProcessMemory or WriteProcessMemory request was completed. (0x12B)
[0103/220624.509:ERROR:process_memory_win.cc(73)] ReadMemory at 0x205f47c7f00 of 132 bytes failed: Only part of a ReadProcessMemory or WriteProcessMemory request was completed. (0x12B)
[0103/220624.510:ERROR:process_memory_win.cc(73)] ReadMemory at 0x205f47c81d0 of 132 bytes failed: Only part of a ReadProcessMemory or WriteProcessMemory request was completed. (0x12B)
[0103/220624.510:ERROR:process_memory_win.cc(73)] ReadMemory at 0x205f47c87d0 of 132 bytes failed: Only part of a ReadProcessMemory or WriteProcessMemory request was completed. (0x12B)
[0103/220624.510:ERROR:process_memory_win.cc(73)] ReadMemory at 0x205f47cb7c0 of 60 bytes failed: Only part of a ReadProcessMemory or WriteProcessMemory request was completed. (0x12B)
[0103/220624.510:ERROR:process_memory_win.cc(73)] ReadMemory at 0x205f47cb810 of 64 bytes failed: Only part of a ReadProcessMemory or WriteProcessMemory request was completed. (0x12B)
[0103/220624.510:ERROR:process_memory_win.cc(73)] ReadMemory at 0x205f47cb860 of 62 bytes failed: Only part of a ReadProcessMemory or WriteProcessMemory request was completed. (0x12B)
[0103/220624.510:ERROR:process_memory_win.cc(73)] ReadMemory at 0x205f47cbae0 of 60 bytes failed: Only part of a ReadProcessMemory or WriteProcessMemory request was completed. (0x12B)
[0103/220624.510:ERROR:process_memory_win.cc(73)] ReadMemory at 0x205f47cbb80 of 64 bytes failed: Only part of a ReadProcessMemory or WriteProcessMemory request was completed. (0x12B)
[0103/220624.510:ERROR:process_memory_win.cc(73)] ReadMemory at 0x205f47cbcc0 of 64 bytes failed: Only part of a ReadProcessMemory or WriteProcessMemory request was completed. (0x12B)
[0103/220624.510:ERROR:process_memory_win.cc(73)] ReadMemory at 0x205f47cbd10 of 66 bytes failed: Only part of a ReadProcessMemory or WriteProcessMemory request was completed. (0x12B)
[0103/220624.510:ERROR:process_memory_win.cc(73)] ReadMemory at 0x205f47cbd60 of 64 bytes failed: Only part of a ReadProcessMemory or WriteProcessMemory request was completed. (0x12B)
[0103/220624.510:ERROR:process_memory_win.cc(73)] ReadMemory at 0x205f47cbdb0 of 62 bytes failed: Only part of a ReadProcessMemory or WriteProcessMemory request was completed. (0x12B)
[0103/220624.511:ERROR:process_memory_win.cc(73)] ReadMemory at 0x205f47cbee0 of 132 bytes failed: Only part of a ReadProcessMemory or WriteProcessMemory request was completed. (0x12B)
[0103/220624.511:ERROR:process_memory_win.cc(73)] ReadMemory at 0x205f47cc010 of 132 bytes failed: Only part of a ReadProcessMemory or WriteProcessMemory request was completed. (0x12B)
[0103/220624.511:ERROR:process_memory_win.cc(73)] ReadMemory at 0x205f47cc140 of 132 bytes failed: Only part of a ReadProcessMemory or WriteProcessMemory request was completed. (0x12B)
[0103/220624.511:ERROR:process_memory_win.cc(73)] ReadMemory at 0x205f47cc270 of 132 bytes failed: Only part of a ReadProcessMemory or WriteProcessMemory request was completed. (0x12B)
[0103/220624.511:ERROR:process_memory_win.cc(73)] ReadMemory at 0x205f47cc4d0 of 132 bytes failed: Only part of a ReadProcessMemory or WriteProcessMemory request was completed. (0x12B)
[0103/220624.511:ERROR:process_memory_win.cc(73)] ReadMemory at 0x205f47cc600 of 132 bytes failed: Only part of a ReadProcessMemory or WriteProcessMemory request was completed. (0x12B)
[0103/220624.511:ERROR:process_memory_win.cc(73)] ReadMemory at 0x205f47cc730 of 132 bytes failed: Only part of a ReadProcessMemory or WriteProcessMemory request was completed. (0x12B)
[0103/220624.511:ERROR:process_memory_win.cc(73)] ReadMemory at 0x205f47cc860 of 132 bytes failed: Only part of a ReadProcessMemory or WriteProcessMemory request was completed. (0x12B)
[0103/220624.511:ERROR:process_memory_win.cc(73)] ReadMemory at 0x205f47cc990 of 132 bytes failed: Only part of a ReadProcessMemory or WriteProcessMemory request was completed. (0x12B)
[0103/220624.511:ERROR:process_memory_win.cc(73)] ReadMemory at 0x205f47ccac0 of 132 bytes failed: Only part of a ReadProcessMemory or WriteProcessMemory request was completed. (0x12B)
[0103/220624.512:ERROR:process_memory_win.cc(73)] ReadMemory at 0x205f47ccbf0 of 132 bytes failed: Only part of a ReadProcessMemory or WriteProcessMemory request was completed. (0x12B)
[0103/220624.512:ERROR:process_memory_win.cc(73)] ReadMemory at 0x205f47ccd20 of 132 bytes failed: Only part of a ReadProcessMemory or WriteProcessMemory request was completed. (0x12B)
[0103/220624.512:ERROR:process_memory_win.cc(73)] ReadMemory at 0x205f47cdaf0 of 76 bytes failed: Only part of a ReadProcessMemory or WriteProcessMemory request was completed. (0x12B)
[0103/220624.512:ERROR:process_memory_win.cc(73)] ReadMemory at 0x205f47cf6e0 of 54 bytes failed: Only part of a ReadProcessMemory or WriteProcessMemory request was completed. (0x12B)
[0103/220624.512:ERROR:process_memory_win.cc(73)] ReadMemory at 0x205f47d0000 of 132 bytes failed: Only part of a ReadProcessMemory or WriteProcessMemory request was completed. (0x12B)
[0103/220624.512:ERROR:process_memory_win.cc(73)] ReadMemory at 0x205f47d0130 of 156 bytes failed: Only part of a ReadProcessMemory or WriteProcessMemory request was completed. (0x12B)
[0103/220624.512:ERROR:process_memory_win.cc(73)] ReadMemory at 0x205f47d1580 of 132 bytes failed: Only part of a ReadProcessMemory or WriteProcessMemory request was completed. (0x12B)
[0103/220624.512:ERROR:process_memory_win.cc(73)] ReadMemory at 0x205f47d2e60 of 132 bytes failed: Only part of a ReadProcessMemory or WriteProcessMemory request was completed. (0x12B)
[0103/220624.512:ERROR:process_memory_win.cc(73)] ReadMemory at 0x205f47d3070 of 132 bytes failed: Only part of a ReadProcessMemory or WriteProcessMemory request was completed. (0x12B)
[0103/220624.512:ERROR:process_memory_win.cc(73)] ReadMemory at 0x205f47d5870 of 64 bytes failed: Only part of a ReadProcessMemory or WriteProcessMemory request was completed. (0x12B)
[0103/220624.512:ERROR:process_memory_win.cc(73)] ReadMemory at 0x205f47d58c0 of 60 bytes failed: Only part of a ReadProcessMemory or WriteProcessMemory request was completed. (0x12B)
[0103/220624.513:ERROR:process_memory_win.cc(73)] ReadMemory at 0x205f47d59b0 of 66 bytes failed: Only part of a ReadProcessMemory or WriteProcessMemory request was completed. (0x12B)
[0103/220624.513:ERROR:process_memory_win.cc(73)] ReadMemory at 0x205f47d5a00 of 62 bytes failed: Only part of a ReadProcessMemory or WriteProcessMemory request was completed. (0x12B)
[0103/220624.513:ERROR:process_memory_win.cc(73)] ReadMemory at 0x205f47d5c30 of 62 bytes failed: Only part of a ReadProcessMemory or WriteProcessMemory request was completed. (0x12B)
[0103/220624.513:ERROR:process_memory_win.cc(73)] ReadMemory at 0x205f47d5cd0 of 64 bytes failed: Only part of a ReadProcessMemory or WriteProcessMemory request was completed. (0x12B)
[0103/220624.513:ERROR:process_memory_win.cc(73)] ReadMemory at 0x205f47d5d70 of 64 bytes failed: Only part of a ReadProcessMemory or WriteProcessMemory request was completed. (0x12B)
[0103/220624.513:ERROR:process_memory_win.cc(73)] ReadMemory at 0x205f47d5dc0 of 64 bytes failed: Only part of a ReadProcessMemory or WriteProcessMemory request was completed. (0x12B)
[0103/220624.513:ERROR:process_memory_win.cc(73)] ReadMemory at 0x205f47d5fa0 of 62 bytes failed: Only part of a ReadProcessMemory or WriteProcessMemory request was completed. (0x12B)
[0103/220624.513:ERROR:process_memory_win.cc(73)] ReadMemory at 0x205f47d6040 of 62 bytes failed: Only part of a ReadProcessMemory or WriteProcessMemory request was completed. (0x12B)
[0103/220624.513:ERROR:process_memory_win.cc(73)] ReadMemory at 0x205f47d6090 of 62 bytes failed: Only part of a ReadProcessMemory or WriteProcessMemory request was completed. (0x12B)
[0103/220624.513:ERROR:process_memory_win.cc(73)] ReadMemory at 0x205f47d60e0 of 60 bytes failed: Only part of a ReadProcessMemory or WriteProcessMemory request was completed. (0x12B)
[0103/220624.513:ERROR:process_memory_win.cc(73)] ReadMemory at 0x205f47d6130 of 60 bytes failed: Only part of a ReadProcessMemory or WriteProcessMemory request was completed. (0x12B)
[0103/220624.513:ERROR:process_memory_win.cc(73)] ReadMemory at 0x205f47d6220 of 62 bytes failed: Only part of a ReadProcessMemory or WriteProcessMemory request was completed. (0x12B)
[0103/220624.514:ERROR:process_memory_win.cc(73)] ReadMemory at 0x205f47d6310 of 60 bytes failed: Only part of a ReadProcessMemory or WriteProcessMemory request was completed. (0x12B)
[0103/220624.514:ERROR:process_memory_win.cc(73)] ReadMemory at 0x205f47d63b0 of 58 bytes failed: Only part of a ReadProcessMemory or WriteProcessMemory request was completed. (0x12B)
[0103/220624.514:ERROR:process_memory_win.cc(73)] ReadMemory at 0x205f47d6400 of 62 bytes failed: Only part of a ReadProcessMemory or WriteProcessMemory request was completed. (0x12B)
[0103/220624.514:ERROR:process_memory_win.cc(73)] ReadMemory at 0x205f47d6540 of 62 bytes failed: Only part of a ReadProcessMemory or WriteProcessMemory request was completed. (0x12B)
[0103/220624.514:ERROR:process_memory_win.cc(73)] ReadMemory at 0x205f47d7cf0 of 512 bytes failed: Only part of a ReadProcessMemory or WriteProcessMemory request was completed. (0x12B)
[0103/220624.514:ERROR:process_memory_win.cc(73)] ReadMemory at 0x205f47d8890 of 132 bytes failed: Only part of a ReadProcessMemory or WriteProcessMemory request was completed. (0x12B)
[0103/220624.514:ERROR:process_memory_win.cc(73)] ReadMemory at 0x205f47d89c0 of 132 bytes failed: Only part of a ReadProcessMemory or WriteProcessMemory request was completed. (0x12B)
[0103/220624.514:ERROR:process_memory_win.cc(73)] ReadMemory at 0x205f47d8af0 of 132 bytes failed: Only part of a ReadProcessMemory or WriteProcessMemory request was completed. (0x12B)
[0103/220624.514:ERROR:process_memory_win.cc(73)] ReadMemory at 0x205f47d8c20 of 132 bytes failed: Only part of a ReadProcessMemory or WriteProcessMemory request was completed. (0x12B)
[0103/220624.515:ERROR:process_memory_win.cc(73)] ReadMemory at 0x205f47d8d50 of 132 bytes failed: Only part of a ReadProcessMemory or WriteProcessMemory request was completed. (0x12B)
[0103/220624.515:ERROR:process_memory_win.cc(73)] ReadMemory at 0x205f47d90e0 of 132 bytes failed: Only part of a ReadProcessMemory or WriteProcessMemory request was completed. (0x12B)
[0103/220624.515:ERROR:process_memory_win.cc(73)] ReadMemory at 0x205f47d96d0 of 132 bytes failed: Only part of a ReadProcessMemory or WriteProcessMemory request was completed. (0x12B)
[0103/220624.515:ERROR:process_memory_win.cc(73)] ReadMemory at 0x205f47d9800 of 132 bytes failed: Only part of a ReadProcessMemory or WriteProcessMemory request was completed. (0x12B)
[0103/220624.515:ERROR:process_memory_win.cc(73)] ReadMemory at 0x205f47d9cc0 of 132 bytes failed: Only part of a ReadProcessMemory or WriteProcessMemory request was completed. (0x12B)
[0103/220624.515:ERROR:process_memory_win.cc(73)] ReadMemory at 0x205f47daf30 of 512 bytes failed: Only part of a ReadProcessMemory or WriteProcessMemory request was completed. (0x12B)
[0103/220624.515:ERROR:process_memory_win.cc(73)] ReadMemory at 0x205f4af25c0 of 512 bytes failed: Only part of a ReadProcessMemory or WriteProcessMemory request was completed. (0x12B)
[0103/220624.515:ERROR:process_memory_win.cc(73)] ReadMemory at 0x205f4b80000 of 384 bytes failed: Only part of a ReadProcessMemory or WriteProcessMemory request was completed. (0x12B)
[0103/220624.515:ERROR:process_memory_win.cc(73)] ReadMemory at 0x205f4bae220 of 608 bytes failed: Only part of a ReadProcessMemory or WriteProcessMemory request was completed. (0x12B)
[0103/220624.515:ERROR:process_memory_win.cc(73)] ReadMemory at 0x205f4bbe3f0 of 512 bytes failed: Only part of a ReadProcessMemory or WriteProcessMemory request was completed. (0x12B)
[0103/220624.516:ERROR:process_memory_win.cc(73)] ReadMemory at 0x205f4bc1b60 of 512 bytes failed: Only part of a ReadProcessMemory or WriteProcessMemory request was completed. (0x12B)
[0103/220624.516:ERROR:process_memory_win.cc(73)] ReadMemory at 0x205f4bce5d0 of 512 bytes failed: Only part of a ReadProcessMemory or WriteProcessMemory request was completed. (0x12B)
[0103/220624.516:ERROR:process_memory_win.cc(73)] ReadMemory at 0x205f4be44a0 of 712 bytes failed: Only part of a ReadProcessMemory or WriteProcessMemory request was completed. (0x12B)
[0103/220624.516:ERROR:process_memory_win.cc(73)] ReadMemory at 0x205f6a27c90 of 512 bytes failed: Only part of a ReadProcessMemory or WriteProcessMemory request was completed. (0x12B)
[0103/220624.516:ERROR:process_memory_win.cc(73)] ReadMemory at 0x205f6a40548 of 512 bytes failed: Only part of a ReadProcessMemory or WriteProcessMemory request was completed. (0x12B)
[0103/220624.516:ERROR:process_memory_win.cc(73)] ReadMemory at 0x205f6a409c8 of 512 bytes failed: Only part of a ReadProcessMemory or WriteProcessMemory request was completed. (0x12B)
[0103/220624.516:ERROR:process_memory_win.cc(73)] ReadMemory at 0x205f6a40d28 of 512 bytes failed: Only part of a ReadProcessMemory or WriteProcessMemory request was completed. (0x12B)
[0103/220624.516:ERROR:process_memory_win.cc(73)] ReadMemory at 0x205f6a412c8 of 656 bytes failed: Only part of a ReadProcessMemory or WriteProcessMemory request was completed. (0x12B)
[0103/220624.516:ERROR:process_memory_win.cc(73)] ReadMemory at 0x205f6a7a830 of 512 bytes failed: Only part of a ReadProcessMemory or WriteProcessMemory request was completed. (0x12B)
[0103/220624.516:ERROR:process_memory_win.cc(73)] ReadMemory at 0x205f6a9fd50 of 512 bytes failed: Only part of a ReadProcessMemory or WriteProcessMemory request was completed. (0x12B)
[0103/220624.517:ERROR:process_memory_win.cc(73)] ReadMemory at 0x205f6b9b308 of 512 bytes failed: Only part of a ReadProcessMemory or WriteProcessMemory request was completed. (0x12B)
[0103/220624.517:ERROR:process_memory_win.cc(73)] ReadMemory at 0x7ffb6d84eeac of 512 bytes failed: Only part of a ReadProcessMemory or WriteProcessMemory request was completed. (0x12B)
[0103/220624.517:ERROR:process_memory_win.cc(73)] ReadMemory at 0x7ffb6dfbe7b8 of 553 bytes failed: Only part of a ReadProcessMemory or WriteProcessMemory request was completed. (0x12B)
[0103/220624.517:ERROR:process_memory_win.cc(73)] ReadMemory at 0x7ffbcdc061e0 of 512 bytes failed: Only part of a ReadProcessMemory or WriteProcessMemory request was completed. (0x12B)
[0103/220624.517:ERROR:process_memory_win.cc(73)] ReadMemory at 0x7ffbcdd6b6d0 of 512 bytes failed: Only part of a ReadProcessMemory or WriteProcessMemory request was completed. (0x12B)
[0103/220624.517:ERROR:process_memory_win.cc(73)] ReadMemory at 0x7ffbd0abc0c4 of 672 bytes failed: Only part of a ReadProcessMemory or WriteProcessMemory request was completed. (0x12B)
[0103/220624.517:ERROR:process_memory_win.cc(73)] ReadMemory at 0x7ffbd0abc6c4 of 512 bytes failed: Only part of a ReadProcessMemory or WriteProcessMemory request was completed. (0x12B)
[0103/220624.517:ERROR:process_memory_win.cc(73)] ReadMemory at 0x7ffbd0abf974 of 608 bytes failed: Only part of a ReadProcessMemory or WriteProcessMemory request was completed. (0x12B)
[0103/220624.518:ERROR:process_memory_win.cc(73)] ReadMemory at 0x7ffbd0b4c428 of 18 bytes failed: Only part of a ReadProcessMemory or WriteProcessMemory request was completed. (0x12B)
[0103/220624.518:ERROR:process_memory_win.cc(73)] ReadMemory at 0x7ffbd0b7f4f8 of 40 bytes failed: Only part of a ReadProcessMemory or WriteProcessMemory request was completed. (0x12B)
[0103/220624.518:ERROR:process_memory_win.cc(73)] ReadMemory at 0x7ffbd0b7f978 of 48 bytes failed: Only part of a ReadProcessMemory or WriteProcessMemory request was completed. (0x12B)
[0103/220624.518:ERROR:process_memory_win.cc(73)] ReadMemory at 0x7ffbd0b853c0 of 64 bytes failed: Only part of a ReadProcessMemory or WriteProcessMemory request was completed. (0x12B)
[0103/220624.519:ERROR:scoped_process_suspend.cc(40)] NtResumeProcess: An attempt was made to access an exiting process. (0xc000010a)
